<?xml version="1.0" encoding="UTF-8"?>
<!-- Generated by org.testng.reporters.JUnitReportReporter -->
<testsuite name="PracticeClass" tests="2" time="0.026" ignored="2" failures="0" timestamp="04 Feb 2019 06:58:28 GMT" skipped="0" hostname="PF0AP3ZD" errors="0">
  <testcase name="test3" time="0.013" classname="PracticeClass"/>
  <testcase name="test1" time="0.013" classname="PracticeClass"/>
  <testcase name="test2" classname="PracticeClass">
    <skipped/>
  </testcase> <!-- test2 -->
  <testcase name="test41" classname="PracticeClass">
    <skipped/>
  </testcase> <!-- test41 -->
</testsuite> <!-- PracticeClass -->
